<?xml version="1.0" encoding="UTF-8"?>
<!-- Generated by org.testng.reporters.JUnitXMLReporter -->
<testsuite hostname="INLN56579687A" ignored="0" name="Test" tests="6" failures="0" timestamp="27 Aug 2020 14:27:58 GMT" time="87.329" errors="0">
  <testcase name="assertCatalogueDetails" time="26.851" classname="com.apptus.testcases.CatalogueDetailsVerificationTest"/>
  <testcase name="test_Post_Invalid" time="5.377" classname="com.apptus.testcases.WeatherDataVerificationTestAPI"/>
  <testcase name="test_Post_Valid" time="5.597" classname="com.apptus.testcases.WeatherDataVerificationTestAPI"/>
  <testcase name="test_Get_Valid" time="3.351" classname="com.apptus.testcases.WeatherDataVerificationTestAPI"/>
  <testcase name="test_Delete_Valid" time="13.934" classname="com.apptus.testcases.WeatherDataVerificationTestAPI"/>
  <testcase name="test_Delete_Invalid" time="7.688" classname="com.apptus.testcases.WeatherDataVerificationTestAPI"/>
</testsuite> <!-- Test -->
